<?xml version="1.0" encoding="UTF-8"?>
<testsuite name="com.example.demo.repository.CommentRepositoryTest" tests="1" skipped="0" failures="1" errors="0" timestamp="2023-02-14T07:44:02" hostname="DESKTOP-E9DLD5K" time="0.327">
  <properties/>
  <testcase name="특정 게시글의 모든 댓글 조회" classname="com.example.demo.repository.CommentRepositoryTest" time="0.327">
    <failure message="org.opentest4j.AssertionFailedError: expected: &lt;[Comment(id=2, article=Article(id=2, title=두번째 글, content=data.sql 파일에 의해 자동생성되었습니다. [2]), nickname=강아지, body=멍멍), Comment(id=3, article=Article(id=2, title=두번째 글, content=data.sql 파일에 의해 자동생성되었습니다. [2]), nickname=고양이, body=냐옹)]&gt; but was: &lt;[Comment(id=2, article=Article(id=2, title=�몢踰덉㎏ 湲�, content=data.sql �뙆�씪�뿉 �쓽�빐 �옄�룞�깮�꽦�릺�뿀�뒿�땲�떎. [2]), nickname=媛뺤븘吏�, body=硫띾찉), Comment(id=3, article=Article(id=2, title=�몢踰덉㎏ 湲�, content=data.sql �뙆�씪�뿉 �쓽�빐 �옄�룞�깮�꽦�릺�뿀�뒿�땲�떎. [2]), nickname=怨좎뼇�씠, body=�깘�샊)]&gt;" type="org.opentest4j.AssertionFailedError">org.opentest4j.AssertionFailedError: expected: &lt;[Comment(id=2, article=Article(id=2, title=두번째 글, content=data.sql 파일에 의해 자동생성되었습니다. [2]), nickname=강아지, body=멍멍), Comment(id=3, article=Article(id=2, title=두번째 글, content=data.sql 파일에 의해 자동생성되었습니다. [2]), nickname=고양이, body=냐옹)]&gt; but was: &lt;[Comment(id=2, article=Article(id=2, title=�몢踰덉㎏ 湲�, content=data.sql �뙆�씪�뿉 �쓽�빐 �옄�룞�깮�꽦�릺�뿀�뒿�땲�떎. [2]), nickname=媛뺤븘吏�, body=硫띾찉), Comment(id=3, article=Article(id=2, title=�몢踰덉㎏ 湲�, content=data.sql �뙆�씪�뿉 �쓽�빐 �옄�룞�깮�꽦�릺�뿀�뒿�땲�떎. [2]), nickname=怨좎뼇�씠, body=�깘�샊)]&gt;
	at app//org.junit.jupiter.api.AssertionFailureBuilder.build(AssertionFailureBuilder.java:151)
	at app//org.junit.jupiter.api.AssertionFailureBuilder.buildAndThrow(AssertionFailureBuilder.java:132)
	at app//org.junit.jupiter.api.AssertEquals.failNotEqual(AssertEquals.java:197)
	at app//org.junit.jupiter.api.AssertEquals.assertEquals(AssertEquals.java:182)
	at app//org.junit.jupiter.api.AssertEquals.assertEquals(AssertEquals.java:177)
	at app//org.junit.jupiter.api.Assertions.assertEquals(Assertions.java:1142)
	at app//com.example.demo.repository.CommentRepositoryTest.findByAtritcleId(CommentRepositoryTest.java:41)
	at java.base@17.0.6/jdk.internal.reflect.NativeMethodAccessorImpl.invoke0(Native Method)
	at java.base@17.0.6/jdk.internal.reflect.NativeMethodAccessorImpl.invoke(NativeMethodAccessorImpl.java:77)
	at java.base@17.0.6/jdk.internal.reflect.DelegatingMethodAccessorImpl.invoke(DelegatingMethodAccessorImpl.java:43)
	at java.base@17.0.6/java.lang.reflect.Method.invoke(Method.java:568)
	at app//org.junit.platform.commons.util.ReflectionUtils.invokeMethod(ReflectionUtils.java:727)
	at app//org.junit.jupiter.engine.execution.MethodInvocation.proceed(MethodInvocation.java:60)
	at app//org.junit.jupiter.engine.execution.InvocationInterceptorChain$ValidatingInvocation.proceed(InvocationInterceptorChain.java:131)
	at app//org.junit.jupiter.engine.extension.TimeoutExtension.intercept(TimeoutExtension.java:156)
	at app//org.junit.jupiter.engine.extension.TimeoutExtension.interceptTestableMethod(TimeoutExtension.java:147)
	at app//org.junit.jupiter.engine.extension.TimeoutExtension.interceptTestMethod(TimeoutExtension.java:86)
	at app//org.junit.jupiter.engine.execution.InterceptingExecutableInvoker$ReflectiveInterceptorCall.lambda$ofVoidMethod$0(InterceptingExecutableInvoker.java:103)
	at app//org.junit.jupiter.engine.execution.InterceptingExecutableInvoker.lambda$invoke$0(InterceptingExecutableInvoker.java:93)
	at app//org.junit.jupiter.engine.execution.InvocationInterceptorChain$InterceptedInvocation.proceed(InvocationInterceptorChain.java:106)
	at app//org.junit.jupiter.engine.execution.InvocationInterceptorChain.proceed(InvocationInterceptorChain.java:64)
	at app//org.junit.jupiter.engine.execution.InvocationInterceptorChain.chainAndInvoke(InvocationInterceptorChain.java:45)
	at app//org.junit.jupiter.engine.execution.InvocationInterceptorChain.invoke(InvocationInterceptorChain.java:37)
	at app//org.junit.jupiter.engine.execution.InterceptingExecutableInvoker.invoke(InterceptingExecutableInvoker.java:92)
	at app//org.junit.jupiter.engine.execution.InterceptingExecutableInvoker.invoke(InterceptingExecutableInvoker.java:86)
	at app//org.junit.jupiter.engine.descriptor.TestMethodTestDescriptor.lambda$invokeTestMethod$7(TestMethodTestDescriptor.java:217)
	at app//org.junit.platform.engine.support.hierarchical.ThrowableCollector.execute(ThrowableCollector.java:73)
	at app//org.junit.jupiter.engine.descriptor.TestMethodTestDescriptor.invokeTestMethod(TestMethodTestDescriptor.java:213)
	at app//org.junit.jupiter.engine.descriptor.TestMethodTestDescriptor.execute(TestMethodTestDescriptor.java:138)
	at app//org.junit.jupiter.engine.descriptor.TestMethodTestDescriptor.execute(TestMethodTestDescriptor.java:68)
	at app//org.junit.platform.engine.support.hierarchical.NodeTestTask.lambda$executeRecursively$6(NodeTestTask.java:151)
	at app//org.junit.platform.engine.support.hierarchical.ThrowableCollector.execute(ThrowableCollector.java:73)
	at app//org.junit.platform.engine.support.hierarchical.NodeTestTask.lambda$executeRecursively$8(NodeTestTask.java:141)
	at app//org.junit.platform.engine.support.hierarchical.Node.around(Node.java:137)
	at app//org.junit.platform.engine.support.hierarchical.NodeTestTask.lambda$executeRecursively$9(NodeTestTask.java:139)
	at app//org.junit.platform.engine.support.hierarchical.ThrowableCollector.execute(ThrowableCollector.java:73)
	at app//org.junit.platform.engine.support.hierarchical.NodeTestTask.executeRecursively(NodeTestTask.java:138)
	at app//org.junit.platform.engine.support.hierarchical.NodeTestTask.execute(NodeTestTask.java:95)
	at java.base@17.0.6/java.util.ArrayList.forEach(ArrayList.java:1511)
	at app//org.junit.platform.engine.support.hierarchical.SameThreadHierarchicalTestExecutorService.invokeAll(SameThreadHierarchicalTestExecutorService.java:41)
	at app//org.junit.platform.engine.support.hierarchical.NodeTestTask.lambda$executeRecursively$6(NodeTestTask.java:155)
	at app//org.junit.platform.engine.support.hierarchical.ThrowableCollector.execute(ThrowableCollector.java:73)
	at app//org.junit.platform.engine.support.hierarchical.NodeTestTask.lambda$executeRecursively$8(NodeTestTask.java:141)
	at app//org.junit.platform.engine.support.hierarchical.Node.around(Node.java:137)
	at app//org.junit.platform.engine.support.hierarchical.NodeTestTask.lambda$executeRecursively$9(NodeTestTask.java:139)
	at app//org.junit.platform.engine.support.hierarchical.ThrowableCollector.execute(ThrowableCollector.java:73)
	at app//org.junit.platform.engine.support.hierarchical.NodeTestTask.executeRecursively(NodeTestTask.java:138)
	at app//org.junit.platform.engine.support.hierarchical.NodeTestTask.execute(NodeTestTask.java:95)
	at java.base@17.0.6/java.util.ArrayList.forEach(ArrayList.java:1511)
	at app//org.junit.platform.engine.support.hierarchical.SameThreadHierarchicalTestExecutorService.invokeAll(SameThreadHierarchicalTestExecutorService.java:41)
	at app//org.junit.platform.engine.support.hierarchical.NodeTestTask.lambda$executeRecursively$6(NodeTestTask.java:155)
	at app//org.junit.platform.engine.support.hierarchical.ThrowableCollector.execute(ThrowableCollector.java:73)
	at app//org.junit.platform.engine.support.hierarchical.NodeTestTask.lambda$executeRecursively$8(NodeTestTask.java:141)
	at app//org.junit.platform.engine.support.hierarchical.Node.around(Node.java:137)
	at app//org.junit.platform.engine.support.hierarchical.NodeTestTask.lambda$executeRecursively$9(NodeTestTask.java:139)
	at app//org.junit.platform.engine.support.hierarchical.ThrowableCollector.execute(ThrowableCollector.java:73)
	at app//org.junit.platform.engine.support.hierarchical.NodeTestTask.executeRecursively(NodeTestTask.java:138)
	at app//org.junit.platform.engine.support.hierarchical.NodeTestTask.execute(NodeTestTask.java:95)
	at app//org.junit.platform.engine.support.hierarchical.SameThreadHierarchicalTestExecutorService.submit(SameThreadHierarchicalTestExecutorService.java:35)
	at app//org.junit.platform.engine.support.hierarchical.HierarchicalTestExecutor.execute(HierarchicalTestExecutor.java:57)
	at app//org.junit.platform.engine.support.hierarchical.HierarchicalTestEngine.execute(HierarchicalTestEngine.java:54)
	at org.junit.platform.launcher.core.EngineExecutionOrchestrator.execute(EngineExecutionOrchestrator.java:107)
	at org.junit.platform.launcher.core.EngineExecutionOrchestrator.execute(EngineExecutionOrchestrator.java:88)
	at org.junit.platform.launcher.core.EngineExecutionOrchestrator.lambda$execute$0(EngineExecutionOrchestrator.java:54)
	at org.junit.platform.launcher.core.EngineExecutionOrchestrator.withInterceptedStreams(EngineExecutionOrchestrator.java:67)
	at org.junit.platform.launcher.core.EngineExecutionOrchestrator.execute(EngineExecutionOrchestrator.java:52)
	at org.junit.platform.launcher.core.DefaultLauncher.execute(DefaultLauncher.java:114)
	at org.junit.platform.launcher.core.DefaultLauncher.execute(DefaultLauncher.java:86)
	at org.junit.platform.launcher.core.DefaultLauncherSession$DelegatingLauncher.execute(DefaultLauncherSession.java:86)
	at org.junit.platform.launcher.core.SessionPerRequestLauncher.execute(SessionPerRequestLauncher.java:53)
	at org.gradle.api.internal.tasks.testing.junitplatform.JUnitPlatformTestClassProcessor$CollectAllTestClassesExecutor.processAllTestClasses(JUnitPlatformTestClassProcessor.java:99)
	at org.gradle.api.internal.tasks.testing.junitplatform.JUnitPlatformTestClassProcessor$CollectAllTestClassesExecutor.access$000(JUnitPlatformTestClassProcessor.java:79)
	at org.gradle.api.internal.tasks.testing.junitplatform.JUnitPlatformTestClassProcessor.stop(JUnitPlatformTestClassProcessor.java:75)
	at org.gradle.api.internal.tasks.testing.SuiteTestClassProcessor.stop(SuiteTestClassProcessor.java:62)
	at java.base@17.0.6/jdk.internal.reflect.NativeMethodAccessorImpl.invoke0(Native Method)
	at java.base@17.0.6/jdk.internal.reflect.NativeMethodAccessorImpl.invoke(NativeMethodAccessorImpl.java:77)
	at java.base@17.0.6/jdk.internal.reflect.DelegatingMethodAccessorImpl.invoke(DelegatingMethodAccessorImpl.java:43)
	at java.base@17.0.6/java.lang.reflect.Method.invoke(Method.java:568)
	at org.gradle.internal.dispatch.ReflectionDispatch.dispatch(ReflectionDispatch.java:36)
	at org.gradle.internal.dispatch.ReflectionDispatch.dispatch(ReflectionDispatch.java:24)
	at org.gradle.internal.dispatch.ContextClassLoaderDispatch.dispatch(ContextClassLoaderDispatch.java:33)
	at org.gradle.internal.dispatch.ProxyDispatchAdapter$DispatchingInvocationHandler.invoke(ProxyDispatchAdapter.java:94)
	at jdk.proxy1/jdk.proxy1.$Proxy2.stop(Unknown Source)
	at org.gradle.api.internal.tasks.testing.worker.TestWorker$3.run(TestWorker.java:193)
	at org.gradle.api.internal.tasks.testing.worker.TestWorker.executeAndMaintainThreadName(TestWorker.java:129)
	at org.gradle.api.internal.tasks.testing.worker.TestWorker.execute(TestWorker.java:100)
	at org.gradle.api.internal.tasks.testing.worker.TestWorker.execute(TestWorker.java:60)
	at org.gradle.process.internal.worker.child.ActionExecutionWorker.execute(ActionExecutionWorker.java:56)
	at org.gradle.process.internal.worker.child.SystemApplicationClassLoaderWorker.call(SystemApplicationClassLoaderWorker.java:113)
	at org.gradle.process.internal.worker.child.SystemApplicationClassLoaderWorker.call(SystemApplicationClassLoaderWorker.java:65)
	at app//worker.org.gradle.process.internal.worker.GradleWorkerMain.run(GradleWorkerMain.java:69)
	at app//worker.org.gradle.process.internal.worker.GradleWorkerMain.main(GradleWorkerMain.java:74)
</failure>
  </testcase>
  <system-out><![CDATA[16:43:58.113 [Test worker] DEBUG org.springframework.boot.test.autoconfigure.orm.jpa.DataJpaTestContextBootstrapper - Neither @ContextConfiguration nor @ContextHierarchy found for test class [CommentRepositoryTest]: using SpringBootContextLoader
16:43:58.120 [Test worker] DEBUG org.springframework.test.context.support.AbstractContextLoader - Could not detect default resource locations for test class [com.example.demo.repository.CommentRepositoryTest]: no resource found for suffixes {-context.xml, Context.groovy}.
16:43:58.120 [Test worker] INFO org.springframework.test.context.support.AnnotationConfigContextLoaderUtils - Could not detect default configuration classes for test class [com.example.demo.repository.CommentRepositoryTest]: CommentRepositoryTest does not declare any static, non-private, non-final, nested classes annotated with @Configuration.
16:43:58.170 [Test worker] DEBUG org.springframework.boot.test.autoconfigure.orm.jpa.DataJpaTestContextBootstrapper - Using ContextCustomizers for test class [CommentRepositoryTest]: [DisableAutoConfigurationContextCustomizer, DisableObservabilityContextCustomizer, TypeExcludeFiltersContextCustomizer, PropertyMappingContextCustomizer, Customizer, ImportsContextCustomizer, ExcludeFilterContextCustomizer, DuplicateJsonObjectContextCustomizer, MockitoContextCustomizer]
16:43:58.272 [Test worker] DEBUG org.springframework.context.annotation.ClassPathScanningCandidateComponentProvider - Identified candidate component class: file [C:\Users\minu1\Downloads\demo\demo\build\classes\java\main\com\example\demo\DemoApplication.class]
16:43:58.274 [Test worker] INFO org.springframework.boot.test.context.SpringBootTestContextBootstrapper - Found @SpringBootConfiguration com.example.demo.DemoApplication for test class com.example.demo.repository.CommentRepositoryTest
16:43:58.317 [Test worker] DEBUG org.springframework.boot.test.autoconfigure.orm.jpa.DataJpaTestContextBootstrapper - Using TestExecutionListeners for test class [CommentRepositoryTest]: [ServletTestExecutionListener, DirtiesContextBeforeModesTestExecutionListener, ApplicationEventsTestExecutionListener, MockitoTestExecutionListener, DependencyInjectionTestExecutionListener, DirtiesContextTestExecutionListener, TransactionalTestExecutionListener, SqlScriptsTestExecutionListener, EventPublishingTestExecutionListener, RestDocsTestExecutionListener, MockRestServiceServerResetTestExecutionListener, MockMvcPrintOnlyOnFailureTestExecutionListener, WebDriverTestExecutionListener, MockWebServiceServerTestExecutionListener, ResetMocksTestExecutionListener]
16:43:58.320 [Test worker] DEBUG org.springframework.test.context.support.AbstractDirtiesContextTestExecutionListener - Before test class: class [CommentRepositoryTest], class annotated with @DirtiesContext [false] with mode [null]
16:43:58.351 [Test worker] DEBUG org.springframework.test.context.support.DependencyInjectionTestExecutionListener - Performing dependency injection for test class com.example.demo.repository.CommentRepositoryTest

  .   ____          _            __ _ _
 /\\ / ___'_ __ _ _(_)_ __  __ _ \ \ \ \
( ( )\___ | '_ | '_| | '_ \/ _` | \ \ \ \
 \\/  ___)| |_)| | | | | || (_| |  ) ) ) )
  '  |____| .__|_| |_|_| |_\__, | / / / /
 =========|_|==============|___/=/_/_/_/
 :: Spring Boot ::                (v3.0.2)

2023-02-14T16:43:58.733+09:00  INFO 13248 --- [    Test worker] c.e.d.repository.CommentRepositoryTest   : Starting CommentRepositoryTest using Java 17.0.6 with PID 13248 (started by minu1 in C:\Users\minu1\Downloads\demo\demo)
2023-02-14T16:43:58.734+09:00  INFO 13248 --- [    Test worker] c.e.d.repository.CommentRepositoryTest   : No active profile set, falling back to 1 default profile: "default"
2023-02-14T16:43:59.249+09:00  INFO 13248 --- [    Test worker] .s.d.r.c.RepositoryConfigurationDelegate : Bootstrapping Spring Data JPA repositories in DEFAULT mode.
2023-02-14T16:43:59.318+09:00  INFO 13248 --- [    Test worker] .s.d.r.c.RepositoryConfigurationDelegate : Finished Spring Data repository scanning in 56 ms. Found 2 JPA repository interfaces.
2023-02-14T16:43:59.375+09:00  INFO 13248 --- [    Test worker] beddedDataSourceBeanFactoryPostProcessor : Replacing 'dataSource' DataSource bean with embedded version
2023-02-14T16:43:59.558+09:00  INFO 13248 --- [    Test worker] o.s.j.d.e.EmbeddedDatabaseFactory        : Starting embedded database: url='jdbc:h2:mem:00535cb7-6b08-401c-a947-01253ae8a976;DB_CLOSE_DELAY=-1;DB_CLOSE_ON_EXIT=false', username='sa'
2023-02-14T16:43:59.900+09:00  INFO 13248 --- [    Test worker] o.hibernate.jpa.internal.util.LogHelper  : HHH000204: Processing PersistenceUnitInfo [name: default]
2023-02-14T16:43:59.954+09:00  INFO 13248 --- [    Test worker] org.hibernate.Version                    : HHH000412: Hibernate ORM core version 6.1.6.Final
2023-02-14T16:44:00.159+09:00  WARN 13248 --- [    Test worker] org.hibernate.orm.deprecation            : HHH90000021: Encountered deprecated setting [javax.persistence.sharedCache.mode], use [jakarta.persistence.sharedCache.mode] instead
2023-02-14T16:44:00.972+09:00  INFO 13248 --- [    Test worker] SQL dialect                              : HHH000400: Using dialect: org.hibernate.dialect.H2Dialect
2023-02-14T16:44:01.775+09:00 DEBUG 13248 --- [    Test worker] org.hibernate.SQL                        : 
    
    drop table if exists article cascade 
Hibernate: 
    
    drop table if exists article cascade 
2023-02-14T16:44:01.779+09:00 DEBUG 13248 --- [    Test worker] org.hibernate.SQL                        : 
    
    drop table if exists comment cascade 
Hibernate: 
    
    drop table if exists comment cascade 
2023-02-14T16:44:01.782+09:00 DEBUG 13248 --- [    Test worker] org.hibernate.SQL                        : 
    
    create table article (
       id bigint generated by default as identity,
        content varchar(255),
        title varchar(255),
        primary key (id)
    )
Hibernate: 
    
    create table article (
       id bigint generated by default as identity,
        content varchar(255),
        title varchar(255),
        primary key (id)
    )
2023-02-14T16:44:01.790+09:00 DEBUG 13248 --- [    Test worker] org.hibernate.SQL                        : 
    
    create table comment (
       id bigint generated by default as identity,
        body varchar(255),
        nickname varchar(255),
        article_id bigint,
        primary key (id)
    )
Hibernate: 
    
    create table comment (
       id bigint generated by default as identity,
        body varchar(255),
        nickname varchar(255),
        article_id bigint,
        primary key (id)
    )
2023-02-14T16:44:01.792+09:00 DEBUG 13248 --- [    Test worker] org.hibernate.SQL                        : 
    
    alter table if exists comment 
       add constraint FK5yx0uphgjc6ik6hb82kkw501y 
       foreign key (article_id) 
       references article
Hibernate: 
    
    alter table if exists comment 
       add constraint FK5yx0uphgjc6ik6hb82kkw501y 
       foreign key (article_id) 
       references article
2023-02-14T16:44:01.808+09:00  INFO 13248 --- [    Test worker] o.h.e.t.j.p.i.JtaPlatformInitiator       : HHH000490: Using JtaPlatform implementation: [org.hibernate.engine.transaction.jta.platform.internal.NoJtaPlatform]
2023-02-14T16:44:01.817+09:00  INFO 13248 --- [    Test worker] j.LocalContainerEntityManagerFactoryBean : Initialized JPA EntityManagerFactory for persistence unit 'default'
2023-02-14T16:44:02.288+09:00  INFO 13248 --- [    Test worker] c.e.d.repository.CommentRepositoryTest   : Started CommentRepositoryTest in 3.873 seconds (process running for 5.169)
2023-02-14T16:44:02.539+09:00 DEBUG 13248 --- [    Test worker] org.hibernate.SQL                        : 
    SELECT
        * 
    FROM
        comment 
    WHERE
        article_id = ?
Hibernate: 
    SELECT
        * 
    FROM
        comment 
    WHERE
        article_id = ?
2023-02-14T16:44:02.603+09:00 DEBUG 13248 --- [    Test worker] org.hibernate.SQL                        : 
    select
        a1_0.id,
        a1_0.content,
        a1_0.title 
    from
        article a1_0 
    where
        a1_0.id=?
Hibernate: 
    select
        a1_0.id,
        a1_0.content,
        a1_0.title 
    from
        article a1_0 
    where
        a1_0.id=?
[1] comments -> [Comment(id=2, article=Article(id=2, title=?몢踰덉㎏ 湲?, content=data.sql ?뙆?씪?뿉 ?쓽?빐 ?옄?룞?깮?꽦?릺?뿀?뒿?땲?떎. [2]), nickname=媛뺤븘吏?, body=硫띾찉), Comment(id=3, article=Article(id=2, title=?몢踰덉㎏ 湲?, content=data.sql ?뙆?씪?뿉 ?쓽?빐 ?옄?룞?깮?꽦?릺?뿀?뒿?땲?떎. [2]), nickname=怨좎뼇?씠, body=?깘?샊)]
[2] expected -> [Comment(id=2, article=Article(id=2, title=?몢踰덉㎏ 湲?, content=data.sql ?뙆?씪?뿉 ?쓽?빐 ?옄?룞?깮?꽦?릺?뿀?뒿?땲?떎. [2]), nickname=媛뺤븘吏?, body=硫띾찉), Comment(id=3, article=Article(id=2, title=?몢踰덉㎏ 湲?, content=data.sql ?뙆?씪?뿉 ?쓽?빐 ?옄?룞?깮?꽦?릺?뿀?뒿?땲?떎. [2]), nickname=怨좎뼇?씠, body=?깘?샊)]
]]></system-out>
  <system-err><![CDATA[]]></system-err>
</testsuite>
